<?xml version="1.0" encoding="UTF-8"?>
<testsuites>
  <testsuite name="RestPHP" tests="12" assertions="31" failures="0" errors="0" time="0.008641">
    <testsuite name="RestPHP\Test\Request\Header\AcceptCharsetHeaderTest" file="/Users/Josh/Developer/RestPHP/test/RestPHP/Request/Header/AcceptCharsetHeaderTest.php" namespace="RestPHP\Test\Request\Header" fullPackage="RestPHP.Test" category="RestPHP" package="RestPHP" subpackage="Test" tests="2" assertions="5" failures="0" errors="0" time="0.003263">
      <testcase name="testParseSingleType" class="RestPHP\Test\Request\Header\AcceptCharsetHeaderTest" file="/Users/Josh/Developer/RestPHP/test/RestPHP/Request/Header/AcceptCharsetHeaderTest.php" line="77" assertions="3" time="0.002883"/>
      <testcase name="testParseMultipleTypes" class="RestPHP\Test\Request\Header\AcceptCharsetHeaderTest" file="/Users/Josh/Developer/RestPHP/test/RestPHP/Request/Header/AcceptCharsetHeaderTest.php" line="119" assertions="2" time="0.000380"/>
    </testsuite>
    <testsuite name="RestPHP\Test\Request\Header\AcceptHeaderTest" file="/Users/Josh/Developer/RestPHP/test/RestPHP/Request/Header/AcceptHeaderTest.php" namespace="RestPHP\Test\Request\Header" fullPackage="RestPHP.Test" category="RestPHP" package="RestPHP" subpackage="Test" tests="4" assertions="18" failures="0" errors="0" time="0.003122">
      <testcase name="testParseSingleType" class="RestPHP\Test\Request\Header\AcceptHeaderTest" file="/Users/Josh/Developer/RestPHP/test/RestPHP/Request/Header/AcceptHeaderTest.php" line="77" assertions="5" time="0.001049"/>
      <testcase name="testParseMultipleTypes" class="RestPHP\Test\Request\Header\AcceptHeaderTest" file="/Users/Josh/Developer/RestPHP/test/RestPHP/Request/Header/AcceptHeaderTest.php" line="126" assertions="5" time="0.000660"/>
      <testcase name="testGetPreferredType" class="RestPHP\Test\Request\Header\AcceptHeaderTest" file="/Users/Josh/Developer/RestPHP/test/RestPHP/Request/Header/AcceptHeaderTest.php" line="201" assertions="3" time="0.000499"/>
      <testcase name="testIsAccepted" class="RestPHP\Test\Request\Header\AcceptHeaderTest" file="/Users/Josh/Developer/RestPHP/test/RestPHP/Request/Header/AcceptHeaderTest.php" line="225" assertions="5" time="0.000914"/>
    </testsuite>
    <testsuite name="RestPHP\Test\Request\RequestTest" file="/Users/Josh/Developer/RestPHP/test/RestPHP/Request/RequestTest.php" namespace="RestPHP\Test\Request" fullPackage="RestPHP.Test" category="RestPHP" package="RestPHP" subpackage="Test" tests="0" assertions="0" failures="0" errors="0" time="0.000000"/>
    <testsuite name="RestPHP\Test\Resource\ResourceTest" file="/Users/Josh/Developer/RestPHP/test/RestPHP/Resource/ResourceTest.php" namespace="RestPHP\Test\Resource" fullPackage="RestPHP.Test" category="RestPHP" package="RestPHP" subpackage="Test" tests="0" assertions="0" failures="0" errors="0" time="0.000000"/>
    <testsuite name="RestPHP\Test\Response\ResponseTest" file="/Users/Josh/Developer/RestPHP/test/RestPHP/Response/ResponseTest.php" namespace="RestPHP\Test\Response" fullPackage="RestPHP.Test" category="RestPHP" package="RestPHP" subpackage="Test" tests="6" assertions="8" failures="0" errors="0" time="0.002256">
      <testcase name="testDefaultStatusIs501NotImplemented" class="RestPHP\Test\Response\ResponseTest" file="/Users/Josh/Developer/RestPHP/test/RestPHP/Response/ResponseTest.php" line="79" assertions="1" time="0.000685"/>
      <testcase name="testFcgiStatusGeneratedProperly" class="RestPHP\Test\Response\ResponseTest" file="/Users/Josh/Developer/RestPHP/test/RestPHP/Response/ResponseTest.php" line="87" assertions="2" time="0.000325"/>
      <testcase name="testHttpStatusGeneratedProperly" class="RestPHP\Test\Response\ResponseTest" file="/Users/Josh/Developer/RestPHP/test/RestPHP/Response/ResponseTest.php" line="100" assertions="2" time="0.000317"/>
      <testsuite name="RestPHP\Test\Response\ResponseTest::testContentType" tests="3" assertions="3" failures="0" errors="0" time="0.000929">
        <testcase name="testContentType with data set #0" assertions="1" time="0.000333"/>
        <testcase name="testContentType with data set #1" assertions="1" time="0.000300"/>
        <testcase name="testContentType with data set #2" assertions="1" time="0.000296"/>
      </testsuite>
    </testsuite>
  </testsuite>
</testsuites>
